<?xml version="1.0" encoding="UTF-8"?>
<!-- Generated by org.testng.reporters.JUnitReportReporter -->
<testsuite hostname="DESKTOP-5S1QNP6" failures="0" tests="6" name="ui.aaa" time="67.334" errors="0" timestamp="2022-09-13T11:09:41 MSK" skipped="0">
  <testcase classname="ui.aaa" name="testTitle" time="0.346"/>
  <system-out/>
  <testcase classname="ui.aaa" name="hyperlinkTest" time="22.369"/>
  <system-out/>
  <testcase classname="ui.aaa" name="ShippingCancel" time="3.619"/>
  <system-out/>
  <testcase classname="ui.aaa" name="SearchTest" time="14.549"/>
  <system-out/>
  <testcase classname="ui.aaa" name="SneakerTest" time="18.839"/>
  <system-out/>
  <testcase classname="ui.aaa" name="inst" time="7.612"/>
  <system-out/>
</testsuite> <!-- ui.aaa -->
