<?xml version="1.0" encoding="UTF-8"?>
<!-- Generated by org.testng.reporters.JUnitReportReporter -->
<testsuite hostname="DESKTOP-5S1QNP6" failures="0" tests="6" name="ui.AsosQA" time="131.199" errors="0" timestamp="2022-09-22T09:13:16 MSK" skipped="0">
  <testcase classname="ui.AsosQA" name="testTitle" time="0.551"/>
  <system-out/>
  <testcase classname="ui.AsosQA" name="hyperlinkTest" time="14.805"/>
  <system-out/>
  <testcase classname="ui.AsosQA" name="ShippingCancel" time="8.987"/>
  <system-out/>
  <testcase classname="ui.AsosQA" name="SearchTest" time="25.927"/>
  <system-out/>
  <testcase classname="ui.AsosQA" name="SneakerTest" time="29.211"/>
  <system-out/>
  <testcase classname="ui.AsosQA" name="inst" time="51.718"/>
  <system-out/>
</testsuite> <!-- ui.AsosQA -->
