<?xml version="1.0" encoding="UTF-8"?>
<!-- Generated by org.testng.reporters.JUnitReportReporter -->
<testsuite hostname="DESKTOP-5S1QNP6" failures="0" tests="1" name="ui.Visibilitytest" time="32.980" errors="0" timestamp="2022-09-22T09:15:48 MSK" skipped="0">
  <testcase classname="ui.Visibilitytest" name="vistest" time="32.980"/>
  <system-out/>
</testsuite> <!-- ui.Visibilitytest -->
