<?xml version="1.0" encoding="UTF-8"?>
<!-- Generated by org.testng.reporters.JUnitReportReporter -->
<testsuite hostname="DESKTOP-PIULSV5" failures="0" tests="1" name="MainTest.ExcelTesting" time="0.600" errors="0" timestamp="2022-10-13T13:55:29 MSK" skipped="0">
  <testcase classname="MainTest.ExcelTesting" name="DataReadTest" time="0.600"/>
  <system-out/>
</testsuite> <!-- MainTest.ExcelTesting -->
