<?xml version="1.0" encoding="UTF-8"?>
<!-- Generated by org.testng.reporters.JUnitReportReporter -->
<testsuite hostname="DESKTOP-PIULSV5" failures="0" tests="2" name="ui.LoginTest" time="0.013" errors="0" timestamp="2022-09-07T11:47:53 MSK" skipped="0">
  <testcase classname="ui.LoginTest" name="loginTest" time="0.011"/>
  <system-out/>
  <testcase classname="ui.LoginTest" name="logoutTest" time="0.002"/>
  <system-out/>
</testsuite> <!-- ui.LoginTest -->
