<?xml version="1.0" encoding="UTF-8"?>
<!-- Generated by org.testng.reporters.JUnitReportReporter -->
<testsuite hostname="DESKTOP-PIULSV5" failures="0" tests="1" name="ui.Visibilitytest" time="4.604" errors="0" timestamp="2022-09-20T13:18:25 MSK" skipped="0">
  <testcase classname="ui.Visibilitytest" name="vistest" time="4.604"/>
  <system-out/>
</testsuite> <!-- ui.Visibilitytest -->
