<?xml version="1.0" encoding="UTF-8"?>
<!-- Generated by org.testng.reporters.JUnitReportReporter -->
<testsuite hostname="DESKTOP-PIULSV5" failures="0" tests="1" name="ui.Verify" time="34.123" errors="0" timestamp="2022-09-11T16:56:37 MSK" skipped="0">
  <testcase classname="ui.Verify" name="TitleTest" time="34.123"/>
  <system-out/>
</testsuite> <!-- ui.Verify -->
