<?xml version="1.0" encoding="UTF-8"?>
<!-- Generated by org.testng.reporters.JUnitReportReporter -->
<testsuite hostname="DESKTOP-PIULSV5" failures="0" tests="1" name="Main.DBtesting" time="0.020" errors="0" timestamp="2022-10-31T16:51:32 MSK" skipped="0">
  <testcase classname="Main.DBtesting" name="tst" time="0.020"/>
  <system-out/>
</testsuite> <!-- Main.DBtesting -->
