<?xml version="1.0" encoding="UTF-8"?>
<!-- Generated by org.testng.reporters.JUnitReportReporter -->
<testsuite hostname="DESKTOP-PIULSV5" failures="0" tests="4" name="main.MainClass" time="16.111" errors="0" timestamp="2022-11-07T20:44:43 MSK" skipped="0">
  <testcase classname="main.MainClass" name="navigate_to_woman_page" time="7.834"/>
  <system-out/>
  <testcase classname="main.MainClass" name="find_new_jacket" time="5.928"/>
  <system-out/>
  <testcase classname="main.MainClass" name="brandselection" time="0.625"/>
  <system-out/>
  <testcase classname="main.MainClass" name="mainpge" time="1.724"/>
  <system-out/>
</testsuite> <!-- main.MainClass -->
