<?xml version="1.0" encoding="UTF-8"?>
<!-- Generated by org.testng.reporters.JUnitReportReporter -->
<testsuite hostname="DESKTOP-PIULSV5" failures="0" tests="1" name="main.MainClass" time="0.188" errors="0" timestamp="2022-11-23T13:35:59 MSK" skipped="0">
  <testcase classname="main.MainClass" name="MainBar" time="0.188"/>
  <system-out/>
</testsuite> <!-- main.MainClass -->
