<?xml version="1.0" encoding="UTF-8"?>
<!-- Generated by org.testng.reporters.JUnitReportReporter -->
<testsuite hostname="DESKTOP-PIULSV5" failures="0" tests="1" name="main.qwert" time="8.059" errors="0" timestamp="2022-11-23T13:28:15 MSK" skipped="0">
  <testcase classname="main.qwert" name="maintest" time="8.059"/>
  <system-out/>
</testsuite> <!-- main.qwert -->
